220410 022436.063|CONFIG|main|setFileHandlers|Now logging to /home/kenzu/Desktop/contests/wintercup/pc2-9.6.0/bin/logs directory.
220410 022436.066|INFO|main|info|
220410 022436.069|INFO|main|info|Version 9.6.0 20190102 (Wednesday, January 2nd 2019 01:20 UTC) Java ver 11.0.14.1 build 5102 Linux 5.13.0-39-generic (amd64) 
220410 022436.069|INFO|main|startLog|Working directory is /home/kenzu/Desktop/contests/wintercup/pc2-9.6.0/bin
220410 022436.095|INFO|main|startLog|Process id is 450450@kenzu-X550JX
220410 022436.096|INFO|main|start|Starting ConnectionManager...
220410 022436.139|INFO|main|start|Started ConnectionManager
220410 022436.141|INFO|main|setClientServerAndPort|INIFile File location: file:/home/kenzu/Desktop/contests/wintercup/pc2-9.6.0/bin/pc2v9.ini
220410 022436.141|INFO|main|setClientServerAndPort|setClientServerAndPort pc2.wintercup.lan parsed as pc2.wintercup.lan port 50002
220410 022436.141|INFO|main|info|Contacting server at pc2.wintercup.lan:50002
220410 022436.142|INFO|main|connectToMyServer|Connecting to pc2.wintercup.lan:50002
220410 022436.167|INFO|Thread-0|receiveUnencrypted|receiveUnencrypted(TransportWrapper, ConnectionHandlerID=Socket[addr=pc2.wintercup.lan/10.201.14.13,port=50002,localport=37634]--8723785569582420908)
220410 022436.182|INFO|Thread-0|receiveUnencrypted|receiveUnencrypted Made a secret key for Socket[addr=pc2.wintercup.lan/10.201.14.13,port=50002,localport=37634]--8723785569582420908 key is com.sun.crypto.provider.DESKey@fffe7bf7
220410 022436.182|INFO|Thread-0|getPublicKeyPacket|Generating Unencrypted Public Key Packet
220410 022436.183|INFO|Thread-0|getPublicKeyPacket|checking key:= SunJCE Diffie-Hellman Public Key:
y:
    3cbb652e 2bd6b1bc 1a738339 b88af8ab 0152f620 f5689158 61fed683 3b87cd42
    89df647e eb3cfcdc ae8f961f 64516a15 dc801e04 357e1fe8 3e15e580 c67a37fc
    06ff1a5f 28228278 8f336529 7124ebe2 e1372006 e8aaa360 9aa48a75 2b9cd95b
    82b42eb6 1a09b99c 286e99cb f1506e14 640401f7 a8866131 474bf291 ccad553f
p:
    f488fd58 4e49dbcd 20b49de4 9107366b 336c380d 451d0f7c 88b31c7c 5b2d8ef6
    f3c923c0 43f0a55b 188d8ebb 558cb85d 38d334fd 7c175743 a31d186c de33212c
    b52aff3c e1b12940 18118d7c 84a70a72 d686c403 19c80729 7aca950c d9969fab
    d00a509b 0246d308 3d66a45d 419f9c7c bd894b22 1926baab a25ec355 e92f78c7
g:
    02
l:
    512
220410 022436.184|INFO|Thread-0|getPublicKeyPacket|packet:= edu.csus.ecs.pc2.core.transport.TransportWrapper@33551b1c
220410 022902.383|INFO|Thread-0|receive|EOFException in receive for Socket[addr=pc2.wintercup.lan/10.201.14.13,port=50002,localport=37634]--8723785569582420908
|java.io.EOFException: null
|    at java.io.ObjectInputStream$BlockDataInputStream.peekByte (ObjectInputStream.java:3204)
|    at java.io.ObjectInputStream.readObject0 (ObjectInputStream.java:1632)
|    at java.io.ObjectInputStream.readObject (ObjectInputStream.java:493)
|    at java.io.ObjectInputStream.readObject (ObjectInputStream.java:451)
|    at edu.csus.ecs.pc2.core.transport.ConnectionHandlerThread.receive (ConnectionHandlerThread.java:151)
|    at edu.csus.ecs.pc2.core.transport.ConnectionHandlerClientThread.run (ConnectionHandlerClientThread.java:65)
220410 022902.385|FINER|Thread-0|run|THROW
|edu.csus.ecs.pc2.core.transport.TransportException: null
|    at edu.csus.ecs.pc2.core.transport.ConnectionHandlerThread.receive (ConnectionHandlerThread.java:158)
|    at edu.csus.ecs.pc2.core.transport.ConnectionHandlerClientThread.run (ConnectionHandlerClientThread.java:65)
220410 022902.385|FINER|Thread-0|run - e.getmessage is null()|THROW
|edu.csus.ecs.pc2.core.transport.TransportException: null
|    at edu.csus.ecs.pc2.core.transport.ConnectionHandlerThread.receive (ConnectionHandlerThread.java:158)
|    at edu.csus.ecs.pc2.core.transport.ConnectionHandlerClientThread.run (ConnectionHandlerClientThread.java:65)
