220410 002513.868|CONFIG|main|setFileHandlers|Now logging to /home/kenzu/Desktop/contests/wintercup/pc2-9.6.0/bin/logs directory.
220410 002513.871|INFO|main|info|
220410 002513.874|INFO|main|info|Version 9.6.0 20190102 (Wednesday, January 2nd 2019 01:20 UTC) Java ver 11.0.14.1 build 5102 Linux 5.13.0-39-generic (amd64) 
220410 002513.874|INFO|main|startLog|Working directory is /home/kenzu/Desktop/contests/wintercup/pc2-9.6.0/bin
220410 002513.900|INFO|main|startLog|Process id is 373993@kenzu-X550JX
220410 002513.900|INFO|main|start|Starting ConnectionManager...
220410 002513.973|INFO|main|start|Started ConnectionManager
220410 002513.975|INFO|main|setClientServerAndPort|INIFile File location: file:/home/kenzu/Desktop/contests/wintercup/pc2-9.6.0/bin/pc2v9.ini
220410 002513.976|INFO|main|setClientServerAndPort|setClientServerAndPort pc2.wintercup.lan parsed as pc2.wintercup.lan port 50002
220410 002513.976|INFO|main|info|Contacting server at pc2.wintercup.lan:50002
220410 002513.977|INFO|main|connectToMyServer|Connecting to pc2.wintercup.lan:50002
220410 002514.019|INFO|Thread-0|receiveUnencrypted|receiveUnencrypted(TransportWrapper, ConnectionHandlerID=Socket[addr=pc2.wintercup.lan/10.201.14.13,port=50002,localport=37632]--7702022814024906206)
220410 002514.038|INFO|Thread-0|receiveUnencrypted|receiveUnencrypted Made a secret key for Socket[addr=pc2.wintercup.lan/10.201.14.13,port=50002,localport=37632]--7702022814024906206 key is com.sun.crypto.provider.DESKey@fffe7fd4
220410 002514.039|INFO|Thread-0|getPublicKeyPacket|Generating Unencrypted Public Key Packet
220410 002514.040|INFO|Thread-0|getPublicKeyPacket|checking key:= SunJCE Diffie-Hellman Public Key:
y:
    5397a844 7edfa3fb cff95679 3f73b615 501a197c 72adfea0 a95df636 02222079
    31f8fa05 2c60a9f3 dd092ccb 39249312 c5185905 a14bafd3 6747529e e049c5c8
    3f9c7bb8 ae8c80ba 10c1917a 0267e521 1d4e9318 67e25de1 12b1cf1d 7d907dfd
    8112047b c28d16bc 16b98fe5 72d456c7 3568b227 5ce065ea b5e6d764 f784974f
p:
    f488fd58 4e49dbcd 20b49de4 9107366b 336c380d 451d0f7c 88b31c7c 5b2d8ef6
    f3c923c0 43f0a55b 188d8ebb 558cb85d 38d334fd 7c175743 a31d186c de33212c
    b52aff3c e1b12940 18118d7c 84a70a72 d686c403 19c80729 7aca950c d9969fab
    d00a509b 0246d308 3d66a45d 419f9c7c bd894b22 1926baab a25ec355 e92f78c7
g:
    02
l:
    512
220410 002514.041|INFO|Thread-0|getPublicKeyPacket|packet:= edu.csus.ecs.pc2.core.transport.TransportWrapper@135eeea
220410 011255.758|INFO|Thread-0|receive|EOFException in receive for Socket[addr=pc2.wintercup.lan/10.201.14.13,port=50002,localport=37632]--7702022814024906206
|java.io.EOFException: null
|    at java.io.ObjectInputStream$BlockDataInputStream.peekByte (ObjectInputStream.java:3204)
|    at java.io.ObjectInputStream.readObject0 (ObjectInputStream.java:1632)
|    at java.io.ObjectInputStream.readObject (ObjectInputStream.java:493)
|    at java.io.ObjectInputStream.readObject (ObjectInputStream.java:451)
|    at edu.csus.ecs.pc2.core.transport.ConnectionHandlerThread.receive (ConnectionHandlerThread.java:151)
|    at edu.csus.ecs.pc2.core.transport.ConnectionHandlerClientThread.run (ConnectionHandlerClientThread.java:65)
220410 011255.760|FINER|Thread-0|run|THROW
|edu.csus.ecs.pc2.core.transport.TransportException: null
|    at edu.csus.ecs.pc2.core.transport.ConnectionHandlerThread.receive (ConnectionHandlerThread.java:158)
|    at edu.csus.ecs.pc2.core.transport.ConnectionHandlerClientThread.run (ConnectionHandlerClientThread.java:65)
220410 011255.760|FINER|Thread-0|run - e.getmessage is null()|THROW
|edu.csus.ecs.pc2.core.transport.TransportException: null
|    at edu.csus.ecs.pc2.core.transport.ConnectionHandlerThread.receive (ConnectionHandlerThread.java:158)
|    at edu.csus.ecs.pc2.core.transport.ConnectionHandlerClientThread.run (ConnectionHandlerClientThread.java:65)
