220410 002523.005|CONFIG|Thread-2|setFileHandlers|Now logging to /home/kenzu/Desktop/contests/wintercup/pc2-9.6.0/bin/logs directory.
220410 002523.005|INFO|Thread-2|info|
220410 002523.005|INFO|Thread-2|info|Version 9.6.0 20190102 (Wednesday, January 2nd 2019 01:20 UTC) Java ver 11.0.14.1 build 5102 Linux 5.13.0-39-generic (amd64) 
220410 002523.005|INFO|Thread-2|info|Login: team49 (aka team49)
220410 002523.006|INFO|Thread-2|startLog|Working directory is /home/kenzu/Desktop/contests/wintercup/pc2-9.6.0/bin
220410 002523.006|INFO|Thread-2|startLog|Process id is 373993@kenzu-X550JX
220410 002523.006|INFO|Thread-2|info|Attempting to load UI class edu.csus.ecs.pc2.ui.team.TeamView
220410 002523.063|INFO|Thread-2|info|Loaded UI class edu.csus.ecs.pc2.ui.team.TeamView
220410 002523.249|INFO|Thread-2|info| handlePacket original LOGIN_SUCCESS after -- all settings loaded 
220410 002523.250|INFO|Thread-2|info|handlePacket end Packet[LOGIN_SUCCESS] #239 SERVER0 @ site 1 -> TEAM49 @ site 1
220410 002523.250|INFO|Thread-2|info| receiveObject(S) end   got Packet[LOGIN_SUCCESS] #239 SERVER0 @ site 1 -> TEAM49 @ site 1
220410 004024.081|INFO|Thread-3|info| receiveObject(S) start got Packet[CLOCK_STARTED] #315 SERVER0 @ site 1 -> SERVER0 @ site 0
220410 004024.082|INFO|Thread-3|dumpPacket|Packet CLOCK_STARTED (Seq #315, o#315 ) recieveObject
220410 004024.083|INFO|Thread-3|dumpPacket|  From: SERVER0 @ site 1, oSERVER0 @ site 1 (DESKTOP-FT0OKLM @ 10.201.14.13) (Contest Id: Default--4563506541801200)
220410 004024.084|INFO|Thread-3|dumpPacket|    To: SERVER0 @ site 0
220410 004024.085|INFO|Thread-3|dumpPacket|   key: SITE_NUMBER is: java.lang.Integer 1
220410 004024.086|INFO|Thread-3|dumpPacket|   key: CLIENT_ID is: edu.csus.ecs.pc2.core.model.ClientId ADMINISTRATOR1 @ site 1
220410 004024.087|INFO|Thread-3|dumpPacket|   key: SERVER_CLOCK_OFFSET is: java.util.GregorianCalendar java.util.GregorianCalendar[time=1649544023401,areFieldsSet=true,areAllFieldsSet=false,lenient=true,zone=sun.util.calendar.ZoneInfo[id="GMT",offset=0,dstSavings=0,useDaylight=false,transitions=0,lastRule=null],firstDayOfWeek=1,minimalDaysInFirstWeek=1,ERA=1,YEAR=2022,MONTH=3,WEEK_OF_YEAR=15,WEEK_OF_MONTH=2,DAY_OF_MONTH=9,DAY_OF_YEAR=99,DAY_OF_WEEK=7,DAY_OF_WEEK_IN_MONTH=2,AM_PM=1,HOUR=10,HOUR_OF_DAY=22,MINUTE=40,SECOND=23,MILLISECOND=401,ZONE_OFFSET=0,DST_OFFSET=0]
220410 004024.088|INFO|Thread-3|info|handlePacket start Packet[CLOCK_STARTED] #315 SERVER0 @ site 1 -> SERVER0 @ site 0
220410 004024.089|INFO|Thread-3|dumpPacket|Packet CLOCK_STARTED (Seq #315, o#315 ) handlePacket
220410 004024.090|INFO|Thread-3|dumpPacket|  From: SERVER0 @ site 1, oSERVER0 @ site 1 (DESKTOP-FT0OKLM @ 10.201.14.13) (Contest Id: Default--4563506541801200)
220410 004024.090|INFO|Thread-3|dumpPacket|    To: SERVER0 @ site 0
220410 004024.090|INFO|Thread-3|dumpPacket|   key: SITE_NUMBER is: java.lang.Integer 1
220410 004024.091|INFO|Thread-3|dumpPacket|   key: CLIENT_ID is: edu.csus.ecs.pc2.core.model.ClientId ADMINISTRATOR1 @ site 1
220410 004024.091|INFO|Thread-3|dumpPacket|   key: SERVER_CLOCK_OFFSET is: java.util.GregorianCalendar java.util.GregorianCalendar[time=1649544023401,areFieldsSet=true,areAllFieldsSet=false,lenient=true,zone=sun.util.calendar.ZoneInfo[id="GMT",offset=0,dstSavings=0,useDaylight=false,transitions=0,lastRule=null],firstDayOfWeek=1,minimalDaysInFirstWeek=1,ERA=1,YEAR=2022,MONTH=3,WEEK_OF_YEAR=15,WEEK_OF_MONTH=2,DAY_OF_MONTH=9,DAY_OF_YEAR=99,DAY_OF_WEEK=7,DAY_OF_WEEK_IN_MONTH=2,AM_PM=1,HOUR=10,HOUR_OF_DAY=22,MINUTE=40,SECOND=23,MILLISECOND=401,ZONE_OFFSET=0,DST_OFFSET=0]
220410 004024.092|INFO|Thread-3|info|Clock for site 1 started by ADMINISTRATOR1 @ site 1 elapsed 0:45:00
220410 004024.093|INFO|Thread-3|info| receiveObject(S) end   got Packet[CLOCK_STARTED] #315 SERVER0 @ site 1 -> SERVER0 @ site 0
220410 004052.537|INFO|Thread-4|testRun|test run for Fasting & Furious GNU C++ file: /home/kenzu/Desktop/contests/wintercup/a.cpp
220410 004052.575|DEBUG|Thread-4|compileProgram|before substitution: g++ -o {:basename}.exe {:mainfile}
220410 004052.576|DEBUG|Thread-4|compileProgram|after  substitution: g++ -o a.exe a.cpp
220410 004052.582|CONFIG|Thread-4|runProgram|executing: 'g++ -o a.exe a.cpp'
220410 004056.277|INFO|Thread-4|executeProgram|Exception in executeProgram()
|java.lang.SecurityException: Expected data file, was not created, file name is 01.in
|    at edu.csus.ecs.pc2.core.execute.Executable.executeProgram (Executable.java:1659)
|    at edu.csus.ecs.pc2.core.execute.Executable.execute (Executable.java:324)
|    at edu.csus.ecs.pc2.core.execute.Executable.execute (Executable.java:258)
|    at edu.csus.ecs.pc2.ui.SubmitRunPane.testRun (SubmitRunPane.java:593)
|    at edu.csus.ecs.pc2.ui.SubmitRunPane.testOrSubmitRun (SubmitRunPane.java:515)
|    at edu.csus.ecs.pc2.ui.SubmitRunPane$7$1.run (SubmitRunPane.java:815)
|    at java.lang.Thread.run (Thread.java:829)
220410 004056.278|INFO|Thread-4|execute|Exception during execute() 
|java.lang.SecurityException: java.lang.SecurityException: Expected data file, was not created, file name is 01.in
|    at edu.csus.ecs.pc2.core.execute.Executable.executeProgram (Executable.java:1976)
|    at edu.csus.ecs.pc2.core.execute.Executable.execute (Executable.java:324)
|    at edu.csus.ecs.pc2.core.execute.Executable.execute (Executable.java:258)
|    at edu.csus.ecs.pc2.ui.SubmitRunPane.testRun (SubmitRunPane.java:593)
|    at edu.csus.ecs.pc2.ui.SubmitRunPane.testOrSubmitRun (SubmitRunPane.java:515)
|    at edu.csus.ecs.pc2.ui.SubmitRunPane$7$1.run (SubmitRunPane.java:815)
|    at java.lang.Thread.run (Thread.java:829)
220410 004120.905|INFO|AWT-EventQueue-0|testOrSubmitRun|submitRun for Fasting & Furious GNU C++ file: /home/kenzu/Desktop/contests/wintercup/a.cpp
220410 004120.907|INFO|AWT-EventQueue-0|sendToLocalServer|Sending packet to server Packet[RUN_SUBMISSION] #2 TEAM49 @ site 1 -> SERVER0 @ site 1
220410 004120.908|INFO|AWT-EventQueue-0|sendToLocalServer|Sent    packet to server Packet[RUN_SUBMISSION] #2 TEAM49 @ site 1 -> SERVER0 @ site 1
220410 004120.945|INFO|Thread-10|info| receiveObject(S) start got Packet[RUN_SUBMISSION_CONFIRM] #326 SERVER0 @ site 1 -> TEAM49 @ site 1
220410 004120.945|INFO|Thread-10|dumpPacket|Packet RUN_SUBMISSION_CONFIRM (Seq #326, o#326 ) recieveObject
220410 004120.945|INFO|Thread-10|dumpPacket|  From: SERVER0 @ site 1, oSERVER0 @ site 1 (DESKTOP-FT0OKLM @ 10.201.14.13) (Contest Id: Default--4563506541801200)
220410 004120.945|INFO|Thread-10|dumpPacket|    To: TEAM49 @ site 1
220410 004120.946|INFO|Thread-10|dumpPacket|   key: RUN is: edu.csus.ecs.pc2.core.model.Run Run 7 NEW 45 min 2756855ms from TEAM49 @ site 1 id Run--20468576452482249 problem Fasting_&_Furious-8143644521435756407 lang GNU_C++--7966578576791429673
220410 004120.946|INFO|Thread-10|info|handlePacket start Packet[RUN_SUBMISSION_CONFIRM] #326 SERVER0 @ site 1 -> TEAM49 @ site 1
220410 004120.946|INFO|Thread-10|dumpPacket|Packet RUN_SUBMISSION_CONFIRM (Seq #326, o#326 ) handlePacket
220410 004120.946|INFO|Thread-10|dumpPacket|  From: SERVER0 @ site 1, oSERVER0 @ site 1 (DESKTOP-FT0OKLM @ 10.201.14.13) (Contest Id: Default--4563506541801200)
220410 004120.946|INFO|Thread-10|dumpPacket|    To: TEAM49 @ site 1
220410 004120.946|INFO|Thread-10|dumpPacket|   key: RUN is: edu.csus.ecs.pc2.core.model.Run Run 7 NEW 45 min 2756855ms from TEAM49 @ site 1 id Run--20468576452482249 problem Fasting_&_Furious-8143644521435756407 lang GNU_C++--7966578576791429673
220410 004126.633|INFO|Thread-10|info| receiveObject(S) end   got Packet[RUN_SUBMISSION_CONFIRM] #326 SERVER0 @ site 1 -> TEAM49 @ site 1
220410 004134.182|INFO|AWT-EventQueue-0|testOrSubmitRun|submitRun for Fasting & Furious GNU C++ file: /home/kenzu/Desktop/contests/wintercup/test/a.cpp
220410 004134.185|INFO|AWT-EventQueue-0|sendToLocalServer|Sending packet to server Packet[RUN_SUBMISSION] #3 TEAM49 @ site 1 -> SERVER0 @ site 1
220410 004134.185|INFO|AWT-EventQueue-0|sendToLocalServer|Sent    packet to server Packet[RUN_SUBMISSION] #3 TEAM49 @ site 1 -> SERVER0 @ site 1
220410 004134.215|INFO|Thread-12|info| receiveObject(S) start got Packet[RUN_SUBMISSION_CONFIRM] #330 SERVER0 @ site 1 -> TEAM49 @ site 1
220410 004134.216|INFO|Thread-12|dumpPacket|Packet RUN_SUBMISSION_CONFIRM (Seq #330, o#330 ) recieveObject
220410 004134.216|INFO|Thread-12|dumpPacket|  From: SERVER0 @ site 1, oSERVER0 @ site 1 (DESKTOP-FT0OKLM @ 10.201.14.13) (Contest Id: Default--4563506541801200)
220410 004134.216|INFO|Thread-12|dumpPacket|    To: TEAM49 @ site 1
220410 004134.216|INFO|Thread-12|dumpPacket|   key: RUN is: edu.csus.ecs.pc2.core.model.Run Run 9 NEW 46 min 2770125ms from TEAM49 @ site 1 id Run-5247536278346666994 problem Fasting_&_Furious-8143644521435756407 lang GNU_C++--7966578576791429673
220410 004134.216|INFO|Thread-12|info|handlePacket start Packet[RUN_SUBMISSION_CONFIRM] #330 SERVER0 @ site 1 -> TEAM49 @ site 1
220410 004134.216|INFO|Thread-12|dumpPacket|Packet RUN_SUBMISSION_CONFIRM (Seq #330, o#330 ) handlePacket
220410 004134.217|INFO|Thread-12|dumpPacket|  From: SERVER0 @ site 1, oSERVER0 @ site 1 (DESKTOP-FT0OKLM @ 10.201.14.13) (Contest Id: Default--4563506541801200)
220410 004134.217|INFO|Thread-12|dumpPacket|    To: TEAM49 @ site 1
220410 004134.217|INFO|Thread-12|dumpPacket|   key: RUN is: edu.csus.ecs.pc2.core.model.Run Run 9 NEW 46 min 2770125ms from TEAM49 @ site 1 id Run-5247536278346666994 problem Fasting_&_Furious-8143644521435756407 lang GNU_C++--7966578576791429673
220410 004135.638|INFO|Thread-12|info| receiveObject(S) end   got Packet[RUN_SUBMISSION_CONFIRM] #330 SERVER0 @ site 1 -> TEAM49 @ site 1
220410 004213.097|INFO|AWT-EventQueue-0|testOrSubmitRun|submitRun for Looking for Internship Python file: /home/kenzu/Desktop/contests/wintercup/test/b.cpp
220410 004213.098|INFO|AWT-EventQueue-0|sendToLocalServer|Sending packet to server Packet[RUN_SUBMISSION] #4 TEAM49 @ site 1 -> SERVER0 @ site 1
220410 004213.099|INFO|AWT-EventQueue-0|sendToLocalServer|Sent    packet to server Packet[RUN_SUBMISSION] #4 TEAM49 @ site 1 -> SERVER0 @ site 1
220410 004213.133|INFO|Thread-14|info| receiveObject(S) start got Packet[RUN_SUBMISSION_CONFIRM] #348 SERVER0 @ site 1 -> TEAM49 @ site 1
220410 004213.133|INFO|Thread-14|dumpPacket|Packet RUN_SUBMISSION_CONFIRM (Seq #348, o#348 ) recieveObject
220410 004213.134|INFO|Thread-14|dumpPacket|  From: SERVER0 @ site 1, oSERVER0 @ site 1 (DESKTOP-FT0OKLM @ 10.201.14.13) (Contest Id: Default--4563506541801200)
220410 004213.134|INFO|Thread-14|dumpPacket|    To: TEAM49 @ site 1
220410 004213.134|INFO|Thread-14|dumpPacket|   key: RUN is: edu.csus.ecs.pc2.core.model.Run Run 13 NEW 46 min 2809040ms from TEAM49 @ site 1 id Run-1754063026207145777 problem Looking_for_Internship-1995979578112463895 lang Python--5657911841685073481
220410 004213.134|INFO|Thread-14|info|handlePacket start Packet[RUN_SUBMISSION_CONFIRM] #348 SERVER0 @ site 1 -> TEAM49 @ site 1
220410 004213.135|INFO|Thread-14|dumpPacket|Packet RUN_SUBMISSION_CONFIRM (Seq #348, o#348 ) handlePacket
220410 004213.135|INFO|Thread-14|dumpPacket|  From: SERVER0 @ site 1, oSERVER0 @ site 1 (DESKTOP-FT0OKLM @ 10.201.14.13) (Contest Id: Default--4563506541801200)
220410 004213.135|INFO|Thread-14|dumpPacket|    To: TEAM49 @ site 1
220410 004213.136|INFO|Thread-14|dumpPacket|   key: RUN is: edu.csus.ecs.pc2.core.model.Run Run 13 NEW 46 min 2809040ms from TEAM49 @ site 1 id Run-1754063026207145777 problem Looking_for_Internship-1995979578112463895 lang Python--5657911841685073481
220410 004216.178|INFO|Thread-14|info| receiveObject(S) end   got Packet[RUN_SUBMISSION_CONFIRM] #348 SERVER0 @ site 1 -> TEAM49 @ site 1
220410 004228.729|INFO|Thread-15|info| receiveObject(S) start got Packet[RUN_JUDGEMENT] #357 SERVER0 @ site 1 -> TEAM49 @ site 1
220410 004228.729|INFO|Thread-15|dumpPacket|Packet RUN_JUDGEMENT (Seq #357, o#357 ) recieveObject
220410 004228.729|INFO|Thread-15|dumpPacket|  From: SERVER0 @ site 1, oSERVER0 @ site 1 (DESKTOP-FT0OKLM @ 10.201.14.13) (Contest Id: Default--4563506541801200)
220410 004228.730|INFO|Thread-15|dumpPacket|    To: TEAM49 @ site 1
220410 004228.730|INFO|Thread-15|dumpPacket|   key: RUN is: edu.csus.ecs.pc2.core.model.Run Run 9 JUDGED 46 min 2770125ms from TEAM49 @ site 1 id Run-5247536278346666994 problem Fasting_&_Furious-8143644521435756407 lang GNU_C++--7966578576791429673
220410 004228.730|INFO|Thread-15|dumpPacket|   key: JUDGEMENT_RECORD is: edu.csus.ecs.pc2.core.model.JudgementRecord Yes by ADMINISTRATOR1 @ site 1 judgement Yes--499972992163276146 id JudgementRecord--4225984087958028830
220410 004228.730|INFO|Thread-15|dumpPacket|   key: CLIENT_ID is: edu.csus.ecs.pc2.core.model.ClientId SERVER0 @ site 1
220410 004228.730|INFO|Thread-15|info|handlePacket start Packet[RUN_JUDGEMENT] #357 SERVER0 @ site 1 -> TEAM49 @ site 1
220410 004228.731|INFO|Thread-15|dumpPacket|Packet RUN_JUDGEMENT (Seq #357, o#357 ) handlePacket
220410 004228.731|INFO|Thread-15|dumpPacket|  From: SERVER0 @ site 1, oSERVER0 @ site 1 (DESKTOP-FT0OKLM @ 10.201.14.13) (Contest Id: Default--4563506541801200)
220410 004228.731|INFO|Thread-15|dumpPacket|    To: TEAM49 @ site 1
220410 004228.731|INFO|Thread-15|dumpPacket|   key: RUN is: edu.csus.ecs.pc2.core.model.Run Run 9 JUDGED 46 min 2770125ms from TEAM49 @ site 1 id Run-5247536278346666994 problem Fasting_&_Furious-8143644521435756407 lang GNU_C++--7966578576791429673
220410 004228.731|INFO|Thread-15|dumpPacket|   key: JUDGEMENT_RECORD is: edu.csus.ecs.pc2.core.model.JudgementRecord Yes by ADMINISTRATOR1 @ site 1 judgement Yes--499972992163276146 id JudgementRecord--4225984087958028830
220410 004228.731|INFO|Thread-15|dumpPacket|   key: CLIENT_ID is: edu.csus.ecs.pc2.core.model.ClientId SERVER0 @ site 1
220410 004231.667|INFO|Thread-15|runChanged|RunsPane.RunListener: Action=CHANGED; DetailedAction=null; msg=null; run=Run 9 JUDGED 46 min 2770125ms from TEAM49 @ site 1 id Run-5247536278346666994 problem Fasting_&_Furious-8143644521435756407 lang GNU_C++--7966578576791429673; runFiles=null
220410 004231.668|INFO|Thread-15|runChanged|Event not for me: sent to null but my ID is TEAM49 @ site 1
220410 004231.669|INFO|Thread-15|info| receiveObject(S) end   got Packet[RUN_JUDGEMENT] #357 SERVER0 @ site 1 -> TEAM49 @ site 1
220410 004424.737|INFO|Thread-16|info| receiveObject(S) start got Packet[RUN_JUDGEMENT] #431 SERVER0 @ site 1 -> TEAM49 @ site 1
220410 004424.737|INFO|Thread-16|dumpPacket|Packet RUN_JUDGEMENT (Seq #431, o#431 ) recieveObject
220410 004424.738|INFO|Thread-16|dumpPacket|  From: SERVER0 @ site 1, oSERVER0 @ site 1 (DESKTOP-FT0OKLM @ 10.201.14.13) (Contest Id: Default--4563506541801200)
220410 004424.738|INFO|Thread-16|dumpPacket|    To: TEAM49 @ site 1
220410 004424.738|INFO|Thread-16|dumpPacket|   key: RUN is: edu.csus.ecs.pc2.core.model.Run Run 13 JUDGED 46 min 2809040ms from TEAM49 @ site 1 id Run-1754063026207145777 problem Looking_for_Internship-1995979578112463895 lang Python--5657911841685073481
220410 004424.739|INFO|Thread-16|dumpPacket|   key: JUDGEMENT_RECORD is: edu.csus.ecs.pc2.core.model.JudgementRecord No by ADMINISTRATOR1 @ site 1 judgement No_-_Run-time_Error--1023335629158487548 id JudgementRecord--6033711611591610192
220410 004424.739|INFO|Thread-16|dumpPacket|   key: CLIENT_ID is: edu.csus.ecs.pc2.core.model.ClientId SERVER0 @ site 1
220410 004424.739|INFO|Thread-16|info|handlePacket start Packet[RUN_JUDGEMENT] #431 SERVER0 @ site 1 -> TEAM49 @ site 1
220410 004424.740|INFO|Thread-16|dumpPacket|Packet RUN_JUDGEMENT (Seq #431, o#431 ) handlePacket
220410 004424.740|INFO|Thread-16|dumpPacket|  From: SERVER0 @ site 1, oSERVER0 @ site 1 (DESKTOP-FT0OKLM @ 10.201.14.13) (Contest Id: Default--4563506541801200)
220410 004424.740|INFO|Thread-16|dumpPacket|    To: TEAM49 @ site 1
220410 004424.740|INFO|Thread-16|dumpPacket|   key: RUN is: edu.csus.ecs.pc2.core.model.Run Run 13 JUDGED 46 min 2809040ms from TEAM49 @ site 1 id Run-1754063026207145777 problem Looking_for_Internship-1995979578112463895 lang Python--5657911841685073481
220410 004424.740|INFO|Thread-16|dumpPacket|   key: JUDGEMENT_RECORD is: edu.csus.ecs.pc2.core.model.JudgementRecord No by ADMINISTRATOR1 @ site 1 judgement No_-_Run-time_Error--1023335629158487548 id JudgementRecord--6033711611591610192
220410 004424.741|INFO|Thread-16|dumpPacket|   key: CLIENT_ID is: edu.csus.ecs.pc2.core.model.ClientId SERVER0 @ site 1
220410 004432.555|INFO|Thread-16|runChanged|RunsPane.RunListener: Action=CHANGED; DetailedAction=null; msg=null; run=Run 13 JUDGED 46 min 2809040ms from TEAM49 @ site 1 id Run-1754063026207145777 problem Looking_for_Internship-1995979578112463895 lang Python--5657911841685073481; runFiles=null
220410 004432.556|INFO|Thread-16|runChanged|Event not for me: sent to null but my ID is TEAM49 @ site 1
220410 004432.557|INFO|Thread-16|info| receiveObject(S) end   got Packet[RUN_JUDGEMENT] #431 SERVER0 @ site 1 -> TEAM49 @ site 1
220410 004445.082|INFO|Thread-17|testRun|test run for Looking for Internship Python file: /home/kenzu/Desktop/contests/wintercup/test/b.py
220410 004445.087|CONFIG|Thread-17|compileProgram|Team submitted an executable 
220410 004445.087|DEBUG|Thread-17|compileProgram|before substitution: python3 -m py_compile {:mainfile}
220410 004445.088|DEBUG|Thread-17|compileProgram|after  substitution: python3 -m py_compile b.py
220410 004445.091|CONFIG|Thread-17|runProgram|executing: 'python3 -m py_compile b.py'
220410 004446.617|INFO|Thread-17|executeProgram|Exception in executeProgram()
|java.lang.SecurityException: Expected data file, was not created, file name is 01.in
|    at edu.csus.ecs.pc2.core.execute.Executable.executeProgram (Executable.java:1659)
|    at edu.csus.ecs.pc2.core.execute.Executable.execute (Executable.java:324)
|    at edu.csus.ecs.pc2.core.execute.Executable.execute (Executable.java:258)
|    at edu.csus.ecs.pc2.ui.SubmitRunPane.testRun (SubmitRunPane.java:593)
|    at edu.csus.ecs.pc2.ui.SubmitRunPane.testOrSubmitRun (SubmitRunPane.java:515)
|    at edu.csus.ecs.pc2.ui.SubmitRunPane$7$1.run (SubmitRunPane.java:815)
|    at java.lang.Thread.run (Thread.java:829)
220410 004446.617|INFO|Thread-17|execute|Exception during execute() 
|java.lang.SecurityException: java.lang.SecurityException: Expected data file, was not created, file name is 01.in
|    at edu.csus.ecs.pc2.core.execute.Executable.executeProgram (Executable.java:1976)
|    at edu.csus.ecs.pc2.core.execute.Executable.execute (Executable.java:324)
|    at edu.csus.ecs.pc2.core.execute.Executable.execute (Executable.java:258)
|    at edu.csus.ecs.pc2.ui.SubmitRunPane.testRun (SubmitRunPane.java:593)
|    at edu.csus.ecs.pc2.ui.SubmitRunPane.testOrSubmitRun (SubmitRunPane.java:515)
|    at edu.csus.ecs.pc2.ui.SubmitRunPane$7$1.run (SubmitRunPane.java:815)
|    at java.lang.Thread.run (Thread.java:829)
220410 004452.090|INFO|AWT-EventQueue-0|testOrSubmitRun|submitRun for Looking for Internship Python file: /home/kenzu/Desktop/contests/wintercup/test/b.py
220410 004452.091|INFO|AWT-EventQueue-0|sendToLocalServer|Sending packet to server Packet[RUN_SUBMISSION] #5 TEAM49 @ site 1 -> SERVER0 @ site 1
220410 004452.092|INFO|AWT-EventQueue-0|sendToLocalServer|Sent    packet to server Packet[RUN_SUBMISSION] #5 TEAM49 @ site 1 -> SERVER0 @ site 1
220410 004452.125|INFO|Thread-23|info| receiveObject(S) start got Packet[RUN_SUBMISSION_CONFIRM] #439 SERVER0 @ site 1 -> TEAM49 @ site 1
220410 004452.126|INFO|Thread-23|dumpPacket|Packet RUN_SUBMISSION_CONFIRM (Seq #439, o#439 ) recieveObject
220410 004452.126|INFO|Thread-23|dumpPacket|  From: SERVER0 @ site 1, oSERVER0 @ site 1 (DESKTOP-FT0OKLM @ 10.201.14.13) (Contest Id: Default--4563506541801200)
220410 004452.126|INFO|Thread-23|dumpPacket|    To: TEAM49 @ site 1
220410 004452.126|INFO|Thread-23|dumpPacket|   key: RUN is: edu.csus.ecs.pc2.core.model.Run Run 21 NEW 49 min 2968032ms from TEAM49 @ site 1 id Run-9029764074774560551 problem Looking_for_Internship-1995979578112463895 lang Python--5657911841685073481
220410 004452.126|INFO|Thread-23|info|handlePacket start Packet[RUN_SUBMISSION_CONFIRM] #439 SERVER0 @ site 1 -> TEAM49 @ site 1
220410 004452.127|INFO|Thread-23|dumpPacket|Packet RUN_SUBMISSION_CONFIRM (Seq #439, o#439 ) handlePacket
220410 004452.127|INFO|Thread-23|dumpPacket|  From: SERVER0 @ site 1, oSERVER0 @ site 1 (DESKTOP-FT0OKLM @ 10.201.14.13) (Contest Id: Default--4563506541801200)
220410 004452.127|INFO|Thread-23|dumpPacket|    To: TEAM49 @ site 1
220410 004452.127|INFO|Thread-23|dumpPacket|   key: RUN is: edu.csus.ecs.pc2.core.model.Run Run 21 NEW 49 min 2968032ms from TEAM49 @ site 1 id Run-9029764074774560551 problem Looking_for_Internship-1995979578112463895 lang Python--5657911841685073481
220410 004453.208|INFO|Thread-23|info| receiveObject(S) end   got Packet[RUN_SUBMISSION_CONFIRM] #439 SERVER0 @ site 1 -> TEAM49 @ site 1
220410 004548.179|INFO|Thread-24|info| receiveObject(S) start got Packet[RUN_JUDGEMENT] #453 SERVER0 @ site 1 -> TEAM49 @ site 1
220410 004548.180|INFO|Thread-24|dumpPacket|Packet RUN_JUDGEMENT (Seq #453, o#453 ) recieveObject
220410 004548.180|INFO|Thread-24|dumpPacket|  From: SERVER0 @ site 1, oSERVER0 @ site 1 (DESKTOP-FT0OKLM @ 10.201.14.13) (Contest Id: Default--4563506541801200)
220410 004548.180|INFO|Thread-24|dumpPacket|    To: TEAM49 @ site 1
220410 004548.181|INFO|Thread-24|dumpPacket|   key: RUN is: edu.csus.ecs.pc2.core.model.Run Run 21 JUDGED 49 min 2968032ms from TEAM49 @ site 1 id Run-9029764074774560551 problem Looking_for_Internship-1995979578112463895 lang Python--5657911841685073481
220410 004548.181|INFO|Thread-24|dumpPacket|   key: JUDGEMENT_RECORD is: edu.csus.ecs.pc2.core.model.JudgementRecord Yes by JUDGE1 @ site 1 judgement Yes--499972992163276146 id JudgementRecord--3274989064328015306
220410 004548.181|INFO|Thread-24|dumpPacket|   key: CLIENT_ID is: edu.csus.ecs.pc2.core.model.ClientId SERVER0 @ site 1
220410 004548.182|INFO|Thread-24|info|handlePacket start Packet[RUN_JUDGEMENT] #453 SERVER0 @ site 1 -> TEAM49 @ site 1
220410 004548.182|INFO|Thread-24|dumpPacket|Packet RUN_JUDGEMENT (Seq #453, o#453 ) handlePacket
220410 004548.182|INFO|Thread-24|dumpPacket|  From: SERVER0 @ site 1, oSERVER0 @ site 1 (DESKTOP-FT0OKLM @ 10.201.14.13) (Contest Id: Default--4563506541801200)
220410 004548.183|INFO|Thread-24|dumpPacket|    To: TEAM49 @ site 1
220410 004548.183|INFO|Thread-24|dumpPacket|   key: RUN is: edu.csus.ecs.pc2.core.model.Run Run 21 JUDGED 49 min 2968032ms from TEAM49 @ site 1 id Run-9029764074774560551 problem Looking_for_Internship-1995979578112463895 lang Python--5657911841685073481
220410 004548.183|INFO|Thread-24|dumpPacket|   key: JUDGEMENT_RECORD is: edu.csus.ecs.pc2.core.model.JudgementRecord Yes by JUDGE1 @ site 1 judgement Yes--499972992163276146 id JudgementRecord--3274989064328015306
220410 004548.184|INFO|Thread-24|dumpPacket|   key: CLIENT_ID is: edu.csus.ecs.pc2.core.model.ClientId SERVER0 @ site 1
220410 004550.853|INFO|Thread-24|runChanged|RunsPane.RunListener: Action=CHANGED; DetailedAction=null; msg=null; run=Run 21 JUDGED 49 min 2968032ms from TEAM49 @ site 1 id Run-9029764074774560551 problem Looking_for_Internship-1995979578112463895 lang Python--5657911841685073481; runFiles=null
220410 004550.854|INFO|Thread-24|runChanged|Event not for me: sent to null but my ID is TEAM49 @ site 1
220410 004550.855|INFO|Thread-24|info| receiveObject(S) end   got Packet[RUN_JUDGEMENT] #453 SERVER0 @ site 1 -> TEAM49 @ site 1
220410 004608.953|INFO|Thread-25|info| receiveObject(S) start got Packet[RUN_JUDGEMENT] #468 SERVER0 @ site 1 -> TEAM49 @ site 1
220410 004608.954|INFO|Thread-25|dumpPacket|Packet RUN_JUDGEMENT (Seq #468, o#468 ) recieveObject
220410 004608.954|INFO|Thread-25|dumpPacket|  From: SERVER0 @ site 1, oSERVER0 @ site 1 (DESKTOP-FT0OKLM @ 10.201.14.13) (Contest Id: Default--4563506541801200)
220410 004608.955|INFO|Thread-25|dumpPacket|    To: TEAM49 @ site 1
220410 004608.955|INFO|Thread-25|dumpPacket|   key: RUN is: edu.csus.ecs.pc2.core.model.Run Run 7 JUDGED 45 min 2756855ms from TEAM49 @ site 1 id Run--20468576452482249 problem Fasting_&_Furious-8143644521435756407 lang GNU_C++--7966578576791429673
220410 004608.956|INFO|Thread-25|dumpPacket|   key: JUDGEMENT_RECORD is: edu.csus.ecs.pc2.core.model.JudgementRecord No by ADMINISTRATOR1 @ site 1 judgement No_-_Run-time_Error--1023335629158487548 id JudgementRecord--3683990073123062095
220410 004608.956|INFO|Thread-25|dumpPacket|   key: CLIENT_ID is: edu.csus.ecs.pc2.core.model.ClientId SERVER0 @ site 1
220410 004608.957|INFO|Thread-25|info|handlePacket start Packet[RUN_JUDGEMENT] #468 SERVER0 @ site 1 -> TEAM49 @ site 1
220410 004608.958|INFO|Thread-25|dumpPacket|Packet RUN_JUDGEMENT (Seq #468, o#468 ) handlePacket
220410 004608.959|INFO|Thread-25|dumpPacket|  From: SERVER0 @ site 1, oSERVER0 @ site 1 (DESKTOP-FT0OKLM @ 10.201.14.13) (Contest Id: Default--4563506541801200)
220410 004608.959|INFO|Thread-25|dumpPacket|    To: TEAM49 @ site 1
220410 004608.960|INFO|Thread-25|dumpPacket|   key: RUN is: edu.csus.ecs.pc2.core.model.Run Run 7 JUDGED 45 min 2756855ms from TEAM49 @ site 1 id Run--20468576452482249 problem Fasting_&_Furious-8143644521435756407 lang GNU_C++--7966578576791429673
220410 004608.960|INFO|Thread-25|dumpPacket|   key: JUDGEMENT_RECORD is: edu.csus.ecs.pc2.core.model.JudgementRecord No by ADMINISTRATOR1 @ site 1 judgement No_-_Run-time_Error--1023335629158487548 id JudgementRecord--3683990073123062095
220410 004608.960|INFO|Thread-25|dumpPacket|   key: CLIENT_ID is: edu.csus.ecs.pc2.core.model.ClientId SERVER0 @ site 1
220410 004615.718|INFO|Thread-25|runChanged|RunsPane.RunListener: Action=CHANGED; DetailedAction=null; msg=null; run=Run 7 JUDGED 45 min 2756855ms from TEAM49 @ site 1 id Run--20468576452482249 problem Fasting_&_Furious-8143644521435756407 lang GNU_C++--7966578576791429673; runFiles=null
220410 004615.718|INFO|Thread-25|runChanged|Event not for me: sent to null but my ID is TEAM49 @ site 1
220410 004615.719|INFO|Thread-25|info| receiveObject(S) end   got Packet[RUN_JUDGEMENT] #468 SERVER0 @ site 1 -> TEAM49 @ site 1
220410 011255.763|INFO|Thread-0|info|connectionDropped: shutting down TEAM49 @ site 1
220410 022448.377|CONFIG|Thread-2|setFileHandlers|Now logging to /home/kenzu/Desktop/contests/wintercup/pc2-9.6.0/bin/logs directory.
220410 022448.377|INFO|Thread-2|info|
220410 022448.378|INFO|Thread-2|info|Version 9.6.0 20190102 (Wednesday, January 2nd 2019 01:20 UTC) Java ver 11.0.14.1 build 5102 Linux 5.13.0-39-generic (amd64) 
220410 022448.378|INFO|Thread-2|info|Login: team49 (aka team49)
220410 022448.378|INFO|Thread-2|startLog|Working directory is /home/kenzu/Desktop/contests/wintercup/pc2-9.6.0/bin
220410 022448.378|INFO|Thread-2|startLog|Process id is 450450@kenzu-X550JX
220410 022448.379|INFO|Thread-2|info|Attempting to load UI class edu.csus.ecs.pc2.ui.team.TeamView
220410 022448.386|INFO|Thread-2|info|Loaded UI class edu.csus.ecs.pc2.ui.team.TeamView
220410 022448.534|INFO|Thread-2|info| handlePacket original LOGIN_SUCCESS after -- all settings loaded 
220410 022448.535|INFO|Thread-2|info|handlePacket end Packet[LOGIN_SUCCESS] #2349 SERVER0 @ site 1 -> TEAM49 @ site 1
220410 022448.536|INFO|Thread-2|info| receiveObject(S) end   got Packet[LOGIN_SUCCESS] #2349 SERVER0 @ site 1 -> TEAM49 @ site 1
220410 022902.389|INFO|Thread-0|info|connectionDropped: shutting down TEAM49 @ site 1
